2021-06-21T14:59:21.605+0200 [DEBUG] [org.gradle.launcher.daemon.bootstrap.DaemonMain] Assuming the daemon was started with following jvm opts: [--add-opens, java.base/java.util=ALL-UNNAMED, --add-opens, java.base/java.lang=ALL-UNNAMED, --add-opens, java.base/java.lang.invoke=ALL-UNNAMED, --add-opens, java.prefs/java.util.prefs=ALL-UNNAMED, -Xmx2048m, -Dfile.encoding=UTF-8, -Duser.country=FR, -Duser.language=fr, -Duser.variant]
2021-06-21T14:59:21.765+0200 [DEBUG] [org.gradle.internal.nativeintegration.services.NativeServices] Native-platform posix files integration is not available. Continuing with fallback.
2021-06-21T14:59:21.786+0200 [INFO] [org.gradle.launcher.daemon.server.Daemon] start() called on daemon - DefaultDaemonContext[uid=1d95d201-f363-43ad-a832-f08035e65802,javaHome=C:\Program Files\Android\Android Studio\jre,daemonRegistryDir=C:\java\AndroidStudioProjects\Tutorat\daemon,pid=1172,idleTimeout=10800000,priority=NORMAL,daemonOpts=--add-opens,java.base/java.util=ALL-UNNAMED,--add-opens,java.base/java.lang=ALL-UNNAMED,--add-opens,java.base/java.lang.invoke=ALL-UNNAMED,--add-opens,java.prefs/java.util.prefs=ALL-UNNAMED,-Xmx2048m,-Dfile.encoding=UTF-8,-Duser.country=FR,-Duser.language=fr,-Duser.variant]
2021-06-21T14:59:22.297+0200 [DEBUG] [org.gradle.internal.remote.internal.inet.InetAddresses] Adding IP addresses for network interface Software Loopback Interface 1
2021-06-21T14:59:22.300+0200 [DEBUG] [org.gradle.internal.remote.internal.inet.InetAddresses] Is this a loopback interface? true
2021-06-21T14:59:22.304+0200 [DEBUG] [org.gradle.internal.remote.internal.inet.InetAddresses] Adding loopback address /127.0.0.1
2021-06-21T14:59:22.305+0200 [DEBUG] [org.gradle.internal.remote.internal.inet.InetAddresses] Adding loopback address /0:0:0:0:0:0:0:1
2021-06-21T14:59:22.309+0200 [DEBUG] [org.gradle.internal.remote.internal.inet.InetAddresses] Adding IP addresses for network interface Microsoft 6to4 Adapter
2021-06-21T14:59:22.311+0200 [DEBUG] [org.gradle.internal.remote.internal.inet.InetAddresses] Is this a loopback interface? false
2021-06-21T14:59:22.312+0200 [DEBUG] [org.gradle.internal.remote.internal.inet.InetAddresses] Adding IP addresses for network interface Hyper-V Virtual Switch Extension Adapter
2021-06-21T14:59:22.314+0200 [DEBUG] [org.gradle.internal.remote.internal.inet.InetAddresses] Is this a loopback interface? false
2021-06-21T14:59:22.314+0200 [DEBUG] [org.gradle.internal.remote.internal.inet.InetAddresses] Adding IP addresses for network interface WAN Miniport (Network Monitor)-QoS Packet Scheduler-0000
2021-06-21T14:59:22.316+0200 [DEBUG] [org.gradle.internal.remote.internal.inet.InetAddresses] Is this a loopback interface? false
2021-06-21T14:59:22.317+0200 [DEBUG] [org.gradle.internal.remote.internal.inet.InetAddresses] Adding IP addresses for network interface Microsoft IP-HTTPS Platform Adapter
2021-06-21T14:59:22.321+0200 [DEBUG] [org.gradle.internal.remote.internal.inet.InetAddresses] Is this a loopback interface? false
2021-06-21T14:59:22.321+0200 [DEBUG] [org.gradle.internal.remote.internal.inet.InetAddresses] Adding IP addresses for network interface Qualcomm Atheros QCA9377 Wireless Network Adapter
2021-06-21T14:59:22.323+0200 [DEBUG] [org.gradle.internal.remote.internal.inet.InetAddresses] Is this a loopback interface? false
2021-06-21T14:59:22.324+0200 [DEBUG] [org.gradle.internal.remote.internal.inet.InetAddresses] Adding remote address /fe80:0:0:0:c5d5:18f8:4227:747%wlan0
2021-06-21T14:59:22.324+0200 [DEBUG] [org.gradle.internal.remote.internal.inet.InetAddresses] Adding IP addresses for network interface WAN Miniport (PPTP)
2021-06-21T14:59:22.326+0200 [DEBUG] [org.gradle.internal.remote.internal.inet.InetAddresses] Is this a loopback interface? false
2021-06-21T14:59:22.326+0200 [DEBUG] [org.gradle.internal.remote.internal.inet.InetAddresses] Adding IP addresses for network interface Hyper-V Virtual Ethernet Adapter #2
2021-06-21T14:59:22.328+0200 [DEBUG] [org.gradle.internal.remote.internal.inet.InetAddresses] Is this a loopback interface? false
2021-06-21T14:59:22.328+0200 [DEBUG] [org.gradle.internal.remote.internal.inet.InetAddresses] Adding IP addresses for network interface WAN Miniport (Network Monitor)
2021-06-21T14:59:22.331+0200 [DEBUG] [org.gradle.internal.remote.internal.inet.InetAddresses] Is this a loopback interface? false
2021-06-21T14:59:22.331+0200 [DEBUG] [org.gradle.internal.remote.internal.inet.InetAddresses] Adding IP addresses for network interface WAN Miniport (L2TP)
2021-06-21T14:59:22.333+0200 [DEBUG] [org.gradle.internal.remote.internal.inet.InetAddresses] Is this a loopback interface? false
2021-06-21T14:59:22.334+0200 [DEBUG] [org.gradle.internal.remote.internal.inet.InetAddresses] Adding IP addresses for network interface WAN Miniport (SSTP)
2021-06-21T14:59:22.337+0200 [DEBUG] [org.gradle.internal.remote.internal.inet.InetAddresses] Is this a loopback interface? false
2021-06-21T14:59:22.338+0200 [DEBUG] [org.gradle.internal.remote.internal.inet.InetAddresses] Adding IP addresses for network interface Realtek PCIe GbE Family Controller
2021-06-21T14:59:22.340+0200 [DEBUG] [org.gradle.internal.remote.internal.inet.InetAddresses] Is this a loopback interface? false
2021-06-21T14:59:22.340+0200 [DEBUG] [org.gradle.internal.remote.internal.inet.InetAddresses] Adding remote address /fe80:0:0:0:68e0:64fa:7a04:23fe%eth4
2021-06-21T14:59:22.340+0200 [DEBUG] [org.gradle.internal.remote.internal.inet.InetAddresses] Adding IP addresses for network interface Microsoft Wi-Fi Direct Virtual Adapter #2
2021-06-21T14:59:22.343+0200 [DEBUG] [org.gradle.internal.remote.internal.inet.InetAddresses] Is this a loopback interface? false
2021-06-21T14:59:22.343+0200 [DEBUG] [org.gradle.internal.remote.internal.inet.InetAddresses] Adding remote address /fe80:0:0:0:bdf0:c73c:85e9:65b5%wlan1
2021-06-21T14:59:22.343+0200 [DEBUG] [org.gradle.internal.remote.internal.inet.InetAddresses] Adding IP addresses for network interface Realtek RTL8188EU Wireless LAN 802.11n USB 2.0 Network Adapter
2021-06-21T14:59:22.345+0200 [DEBUG] [org.gradle.internal.remote.internal.inet.InetAddresses] Is this a loopback interface? false
2021-06-21T14:59:22.346+0200 [DEBUG] [org.gradle.internal.remote.internal.inet.InetAddresses] Adding IP addresses for network interface Microsoft Wi-Fi Direct Virtual Adapter
2021-06-21T14:59:22.348+0200 [DEBUG] [org.gradle.internal.remote.internal.inet.InetAddresses] Is this a loopback interface? false
2021-06-21T14:59:22.348+0200 [DEBUG] [org.gradle.internal.remote.internal.inet.InetAddresses] Adding remote address /fe80:0:0:0:dcc8:c9bc:a39b:54a7%wlan3
2021-06-21T14:59:22.348+0200 [DEBUG] [org.gradle.internal.remote.internal.inet.InetAddresses] Adding IP addresses for network interface Microsoft Teredo Tunneling Adapter
2021-06-21T14:59:22.351+0200 [DEBUG] [org.gradle.internal.remote.internal.inet.InetAddresses] Is this a loopback interface? false
2021-06-21T14:59:22.351+0200 [DEBUG] [org.gradle.internal.remote.internal.inet.InetAddresses] Adding IP addresses for network interface RAS Async Adapter
2021-06-21T14:59:22.354+0200 [DEBUG] [org.gradle.internal.remote.internal.inet.InetAddresses] Is this a loopback interface? false
2021-06-21T14:59:22.354+0200 [DEBUG] [org.gradle.internal.remote.internal.inet.InetAddresses] Adding IP addresses for network interface Hyper-V Virtual Switch Extension Adapter #2
2021-06-21T14:59:22.356+0200 [DEBUG] [org.gradle.internal.remote.internal.inet.InetAddresses] Is this a loopback interface? false
2021-06-21T14:59:22.357+0200 [DEBUG] [org.gradle.internal.remote.internal.inet.InetAddresses] Adding IP addresses for network interface Microsoft Kernel Debug Network Adapter
2021-06-21T14:59:22.359+0200 [DEBUG] [org.gradle.internal.remote.internal.inet.InetAddresses] Is this a loopback interface? false
2021-06-21T14:59:22.359+0200 [DEBUG] [org.gradle.internal.remote.internal.inet.InetAddresses] Adding IP addresses for network interface WAN Miniport (IP)
2021-06-21T14:59:22.361+0200 [DEBUG] [org.gradle.internal.remote.internal.inet.InetAddresses] Is this a loopback interface? false
2021-06-21T14:59:22.361+0200 [DEBUG] [org.gradle.internal.remote.internal.inet.InetAddresses] Adding IP addresses for network interface WAN Miniport (IPv6)
2021-06-21T14:59:22.363+0200 [DEBUG] [org.gradle.internal.remote.internal.inet.InetAddresses] Is this a loopback interface? false
2021-06-21T14:59:22.364+0200 [DEBUG] [org.gradle.internal.remote.internal.inet.InetAddresses] Adding IP addresses for network interface WAN Miniport (IKEv2)
2021-06-21T14:59:22.366+0200 [DEBUG] [org.gradle.internal.remote.internal.inet.InetAddresses] Is this a loopback interface? false
2021-06-21T14:59:22.366+0200 [DEBUG] [org.gradle.internal.remote.internal.inet.InetAddresses] Adding IP addresses for network interface WAN Miniport (PPPOE)
2021-06-21T14:59:22.370+0200 [DEBUG] [org.gradle.internal.remote.internal.inet.InetAddresses] Is this a loopback interface? false
2021-06-21T14:59:22.370+0200 [DEBUG] [org.gradle.internal.remote.internal.inet.InetAddresses] Adding IP addresses for network interface Microsoft Wi-Fi Direct Virtual Adapter-QoS Packet Scheduler-0000
2021-06-21T14:59:22.372+0200 [DEBUG] [org.gradle.internal.remote.internal.inet.InetAddresses] Is this a loopback interface? false
2021-06-21T14:59:22.372+0200 [DEBUG] [org.gradle.internal.remote.internal.inet.InetAddresses] Adding IP addresses for network interface Hyper-V Virtual Switch Extension Adapter #2-Hyper-V Virtual Switch Extension Filter-0000
2021-06-21T14:59:22.374+0200 [DEBUG] [org.gradle.internal.remote.internal.inet.InetAddresses] Is this a loopback interface? false
2021-06-21T14:59:22.375+0200 [DEBUG] [org.gradle.internal.remote.internal.inet.InetAddresses] Adding IP addresses for network interface Realtek PCIe GbE Family Controller-WFP Native MAC Layer LightWeight Filter-0000
2021-06-21T14:59:22.377+0200 [DEBUG] [org.gradle.internal.remote.internal.inet.InetAddresses] Is this a loopback interface? false
2021-06-21T14:59:22.377+0200 [DEBUG] [org.gradle.internal.remote.internal.inet.InetAddresses] Adding IP addresses for network interface Realtek PCIe GbE Family Controller-QoS Packet Scheduler-0000
2021-06-21T14:59:22.379+0200 [DEBUG] [org.gradle.internal.remote.internal.inet.InetAddresses] Is this a loopback interface? false
2021-06-21T14:59:22.379+0200 [DEBUG] [org.gradle.internal.remote.internal.inet.InetAddresses] Adding IP addresses for network interface Realtek PCIe GbE Family Controller-WFP 802.3 MAC Layer LightWeight Filter-0000
2021-06-21T14:59:22.381+0200 [DEBUG] [org.gradle.internal.remote.internal.inet.InetAddresses] Is this a loopback interface? false
2021-06-21T14:59:22.381+0200 [DEBUG] [org.gradle.internal.remote.internal.inet.InetAddresses] Adding IP addresses for network interface Hyper-V Virtual Switch Extension Adapter-Hyper-V Virtual Switch Extension Filter-0000
2021-06-21T14:59:22.384+0200 [DEBUG] [org.gradle.internal.remote.internal.inet.InetAddresses] Is this a loopback interface? false
2021-06-21T14:59:22.385+0200 [DEBUG] [org.gradle.internal.remote.internal.inet.InetAddresses] Adding IP addresses for network interface Hyper-V Virtual Ethernet Adapter
2021-06-21T14:59:22.388+0200 [DEBUG] [org.gradle.internal.remote.internal.inet.InetAddresses] Is this a loopback interface? false
2021-06-21T14:59:22.388+0200 [DEBUG] [org.gradle.internal.remote.internal.inet.InetAddresses] Adding remote address /172.17.144.1
2021-06-21T14:59:22.388+0200 [DEBUG] [org.gradle.internal.remote.internal.inet.InetAddresses] Adding remote address /fe80:0:0:0:49bd:d188:fde9:f6%eth14
2021-06-21T14:59:22.388+0200 [DEBUG] [org.gradle.internal.remote.internal.inet.InetAddresses] Adding IP addresses for network interface Hyper-V Virtual Ethernet Adapter-WFP Native MAC Layer LightWeight Filter-0000
2021-06-21T14:59:22.390+0200 [DEBUG] [org.gradle.internal.remote.internal.inet.InetAddresses] Is this a loopback interface? false
2021-06-21T14:59:22.391+0200 [DEBUG] [org.gradle.internal.remote.internal.inet.InetAddresses] Adding IP addresses for network interface Qualcomm Atheros QCA9377 Wireless Network Adapter-WFP Native MAC Layer LightWeight Filter-0000
2021-06-21T14:59:22.393+0200 [DEBUG] [org.gradle.internal.remote.internal.inet.InetAddresses] Is this a loopback interface? false
2021-06-21T14:59:22.393+0200 [DEBUG] [org.gradle.internal.remote.internal.inet.InetAddresses] Adding IP addresses for network interface Qualcomm Atheros QCA9377 Wireless Network Adapter-Virtual WiFi Filter Driver-0000
2021-06-21T14:59:22.395+0200 [DEBUG] [org.gradle.internal.remote.internal.inet.InetAddresses] Is this a loopback interface? false
2021-06-21T14:59:22.395+0200 [DEBUG] [org.gradle.internal.remote.internal.inet.InetAddresses] Adding IP addresses for network interface Qualcomm Atheros QCA9377 Wireless Network Adapter-Native WiFi Filter Driver-0000
2021-06-21T14:59:22.397+0200 [DEBUG] [org.gradle.internal.remote.internal.inet.InetAddresses] Is this a loopback interface? false
2021-06-21T14:59:22.397+0200 [DEBUG] [org.gradle.internal.remote.internal.inet.InetAddresses] Adding IP addresses for network interface Qualcomm Atheros QCA9377 Wireless Network Adapter-QoS Packet Scheduler-0000
2021-06-21T14:59:22.399+0200 [DEBUG] [org.gradle.internal.remote.internal.inet.InetAddresses] Is this a loopback interface? false
2021-06-21T14:59:22.400+0200 [DEBUG] [org.gradle.internal.remote.internal.inet.InetAddresses] Adding IP addresses for network interface Qualcomm Atheros QCA9377 Wireless Network Adapter-WFP 802.3 MAC Layer LightWeight Filter-0000
2021-06-21T14:59:22.404+0200 [DEBUG] [org.gradle.internal.remote.internal.inet.InetAddresses] Is this a loopback interface? false
2021-06-21T14:59:22.404+0200 [DEBUG] [org.gradle.internal.remote.internal.inet.InetAddresses] Adding IP addresses for network interface Microsoft Wi-Fi Direct Virtual Adapter-WFP Native MAC Layer LightWeight Filter-0000
2021-06-21T14:59:22.406+0200 [DEBUG] [org.gradle.internal.remote.internal.inet.InetAddresses] Is this a loopback interface? false
2021-06-21T14:59:22.406+0200 [DEBUG] [org.gradle.internal.remote.internal.inet.InetAddresses] Adding IP addresses for network interface Microsoft Wi-Fi Direct Virtual Adapter-Native WiFi Filter Driver-0000
2021-06-21T14:59:22.408+0200 [DEBUG] [org.gradle.internal.remote.internal.inet.InetAddresses] Is this a loopback interface? false
2021-06-21T14:59:22.409+0200 [DEBUG] [org.gradle.internal.remote.internal.inet.InetAddresses] Adding IP addresses for network interface Microsoft Wi-Fi Direct Virtual Adapter-WFP 802.3 MAC Layer LightWeight Filter-0000
2021-06-21T14:59:22.411+0200 [DEBUG] [org.gradle.internal.remote.internal.inet.InetAddresses] Is this a loopback interface? false
2021-06-21T14:59:22.411+0200 [DEBUG] [org.gradle.internal.remote.internal.inet.InetAddresses] Adding IP addresses for network interface WAN Miniport (IP)-WFP Native MAC Layer LightWeight Filter-0000
2021-06-21T14:59:22.413+0200 [DEBUG] [org.gradle.internal.remote.internal.inet.InetAddresses] Is this a loopback interface? false
2021-06-21T14:59:22.413+0200 [DEBUG] [org.gradle.internal.remote.internal.inet.InetAddresses] Adding IP addresses for network interface WAN Miniport (IP)-QoS Packet Scheduler-0000
2021-06-21T14:59:22.415+0200 [DEBUG] [org.gradle.internal.remote.internal.inet.InetAddresses] Is this a loopback interface? false
2021-06-21T14:59:22.415+0200 [DEBUG] [org.gradle.internal.remote.internal.inet.InetAddresses] Adding IP addresses for network interface WAN Miniport (IPv6)-WFP Native MAC Layer LightWeight Filter-0000
2021-06-21T14:59:22.419+0200 [DEBUG] [org.gradle.internal.remote.internal.inet.InetAddresses] Is this a loopback interface? false
2021-06-21T14:59:22.419+0200 [DEBUG] [org.gradle.internal.remote.internal.inet.InetAddresses] Adding IP addresses for network interface WAN Miniport (IPv6)-QoS Packet Scheduler-0000
2021-06-21T14:59:22.422+0200 [DEBUG] [org.gradle.internal.remote.internal.inet.InetAddresses] Is this a loopback interface? false
2021-06-21T14:59:22.422+0200 [DEBUG] [org.gradle.internal.remote.internal.inet.InetAddresses] Adding IP addresses for network interface WAN Miniport (Network Monitor)-WFP Native MAC Layer LightWeight Filter-0000
2021-06-21T14:59:22.424+0200 [DEBUG] [org.gradle.internal.remote.internal.inet.InetAddresses] Is this a loopback interface? false
2021-06-21T14:59:22.424+0200 [DEBUG] [org.gradle.internal.remote.internal.inet.InetAddresses] Adding IP addresses for network interface Hyper-V Virtual Ethernet Adapter-QoS Packet Scheduler-0000
2021-06-21T14:59:22.426+0200 [DEBUG] [org.gradle.internal.remote.internal.inet.InetAddresses] Is this a loopback interface? false
2021-06-21T14:59:22.426+0200 [DEBUG] [org.gradle.internal.remote.internal.inet.InetAddresses] Adding IP addresses for network interface Hyper-V Virtual Ethernet Adapter-WFP 802.3 MAC Layer LightWeight Filter-0000
2021-06-21T14:59:22.428+0200 [DEBUG] [org.gradle.internal.remote.internal.inet.InetAddresses] Is this a loopback interface? false
2021-06-21T14:59:22.428+0200 [DEBUG] [org.gradle.internal.remote.internal.inet.InetAddresses] Adding IP addresses for network interface Microsoft Wi-Fi Direct Virtual Adapter #2-WFP Native MAC Layer LightWeight Filter-0000
2021-06-21T14:59:22.430+0200 [DEBUG] [org.gradle.internal.remote.internal.inet.InetAddresses] Is this a loopback interface? false
2021-06-21T14:59:22.430+0200 [DEBUG] [org.gradle.internal.remote.internal.inet.InetAddresses] Adding IP addresses for network interface Microsoft Wi-Fi Direct Virtual Adapter #2-Native WiFi Filter Driver-0000
2021-06-21T14:59:22.432+0200 [DEBUG] [org.gradle.internal.remote.internal.inet.InetAddresses] Is this a loopback interface? false
2021-06-21T14:59:22.433+0200 [DEBUG] [org.gradle.internal.remote.internal.inet.InetAddresses] Adding IP addresses for network interface Microsoft Wi-Fi Direct Virtual Adapter #2-QoS Packet Scheduler-0000
2021-06-21T14:59:22.436+0200 [DEBUG] [org.gradle.internal.remote.internal.inet.InetAddresses] Is this a loopback interface? false
2021-06-21T14:59:22.437+0200 [DEBUG] [org.gradle.internal.remote.internal.inet.InetAddresses] Adding IP addresses for network interface Microsoft Wi-Fi Direct Virtual Adapter #2-WFP 802.3 MAC Layer LightWeight Filter-0000
2021-06-21T14:59:22.439+0200 [DEBUG] [org.gradle.internal.remote.internal.inet.InetAddresses] Is this a loopback interface? false
2021-06-21T14:59:22.442+0200 [DEBUG] [org.gradle.internal.remote.internal.inet.TcpIncomingConnector] Listening on [2b942d1e-38b3-4fa5-8b89-96d36fa4e438 port:51330, addresses:[localhost/127.0.0.1]].
2021-06-21T14:59:22.453+0200 [DEBUG] [org.gradle.launcher.daemon.server.Daemon] Daemon starting at: Mon Jun 21 14:59:22 CEST 2021, with address: [2b942d1e-38b3-4fa5-8b89-96d36fa4e438 port:51330, addresses:[localhost/127.0.0.1]]
2021-06-21T14:59:22.453+0200 [INFO] [org.gradle.launcher.daemon.server.DaemonRegistryUpdater] Advertising the daemon address to the clients: [2b942d1e-38b3-4fa5-8b89-96d36fa4e438 port:51330, addresses:[localhost/127.0.0.1]]
2021-06-21T14:59:22.453+0200 [DEBUG] [org.gradle.launcher.daemon.server.DaemonRegistryUpdater] Advertised daemon context: DefaultDaemonContext[uid=1d95d201-f363-43ad-a832-f08035e65802,javaHome=C:\Program Files\Android\Android Studio\jre,daemonRegistryDir=C:\java\AndroidStudioProjects\Tutorat\daemon,pid=1172,idleTimeout=10800000,priority=NORMAL,daemonOpts=--add-opens,java.base/java.util=ALL-UNNAMED,--add-opens,java.base/java.lang=ALL-UNNAMED,--add-opens,java.base/java.lang.invoke=ALL-UNNAMED,--add-opens,java.prefs/java.util.prefs=ALL-UNNAMED,-Xmx2048m,-Dfile.encoding=UTF-8,-Duser.country=FR,-Duser.language=fr,-Duser.variant]
2021-06-21T14:59:22.454+0200 [DEBUG] [org.gradle.launcher.daemon.registry.PersistentDaemonRegistry] Storing daemon address: [2b942d1e-38b3-4fa5-8b89-96d36fa4e438 port:51330, addresses:[localhost/127.0.0.1]], context: DefaultDaemonContext[uid=1d95d201-f363-43ad-a832-f08035e65802,javaHome=C:\Program Files\Android\Android Studio\jre,daemonRegistryDir=C:\java\AndroidStudioProjects\Tutorat\daemon,pid=1172,idleTimeout=10800000,priority=NORMAL,daemonOpts=--add-opens,java.base/java.util=ALL-UNNAMED,--add-opens,java.base/java.lang=ALL-UNNAMED,--add-opens,java.base/java.lang.invoke=ALL-UNNAMED,--add-opens,java.prefs/java.util.prefs=ALL-UNNAMED,-Xmx2048m,-Dfile.encoding=UTF-8,-Duser.country=FR,-Duser.language=fr,-Duser.variant]
2021-06-21T14:59:22.461+0200 [DEBUG] [org.gradle.cache.internal.DefaultFileLockManager] Waiting to acquire exclusive lock on daemon addresses registry.
2021-06-21T14:59:22.464+0200 [DEBUG] [org.gradle.cache.internal.DefaultFileLockManager] Lock acquired on daemon addresses registry.
2021-06-21T14:59:22.470+0200 [DEBUG] [org.gradle.cache.internal.DefaultFileLockManager] Releasing lock on daemon addresses registry.
2021-06-21T14:59:22.471+0200 [LIFECYCLE] [org.gradle.launcher.daemon.server.Daemon] Daemon server started.
2021-06-21T14:59:22.472+0200 [DEBUG] [org.gradle.launcher.daemon.bootstrap.DaemonStartupCommunication] Completed writing the daemon greeting. Closing streams...
2021-06-21T14:59:22.476+0200 [DEBUG] [org.gradle.launcher.daemon.server.Daemon] stopOnExpiration() called on daemon
2021-06-21T14:59:22.477+0200 [DEBUG] [org.gradle.launcher.daemon.server.Daemon] awaitExpiration() called on daemon
2021-06-21T14:59:22.478+0200 [DEBUG] [org.gradle.launcher.daemon.server.DaemonStateCoordinator] daemon is running. Sleeping until state changes.
2021-06-21T14:59:22.482+0200 [DEBUG] [org.gradle.internal.remote.internal.inet.TcpIncomingConnector] Accepted connection from /127.0.0.1:51331 to /127.0.0.1:51330.
2021-06-21T14:59:22.557+0200 [DEBUG] [org.gradle.launcher.daemon.server.SynchronizedDispatchConnection] thread 20: received class org.gradle.launcher.daemon.protocol.Build
2021-06-21T14:59:22.558+0200 [DEBUG] [org.gradle.launcher.daemon.server.DefaultDaemonConnection] thread 20: Received non-IO message from client: Build{id=b82aa4d1-9abf-48df-8806-182a98249741, currentDir=C:\java\AndroidStudioProjects\Devlog}
2021-06-21T14:59:22.558+0200 [INFO] [org.gradle.launcher.daemon.server.DefaultIncomingConnectionHandler] Received command: Build{id=b82aa4d1-9abf-48df-8806-182a98249741, currentDir=C:\java\AndroidStudioProjects\Devlog}.
2021-06-21T14:59:22.559+0200 [DEBUG] [org.gradle.launcher.daemon.server.DefaultIncomingConnectionHandler] Starting executing command: Build{id=b82aa4d1-9abf-48df-8806-182a98249741, currentDir=C:\java\AndroidStudioProjects\Devlog} with connection: socket connection from /127.0.0.1:51330 to /127.0.0.1:51331.
2021-06-21T14:59:22.561+0200 [ERROR] [org.gradle.launcher.daemon.server.DaemonStateCoordinator] Command execution: started DaemonCommandExecution[command = Build{id=b82aa4d1-9abf-48df-8806-182a98249741, currentDir=C:\java\AndroidStudioProjects\Devlog}, connection = DefaultDaemonConnection: socket connection from /127.0.0.1:51330 to /127.0.0.1:51331] after 0.0 minutes of idle
2021-06-21T14:59:22.561+0200 [INFO] [org.gradle.launcher.daemon.server.DaemonRegistryUpdater] Marking the daemon as busy, address: [2b942d1e-38b3-4fa5-8b89-96d36fa4e438 port:51330, addresses:[localhost/127.0.0.1]]
2021-06-21T14:59:22.562+0200 [DEBUG] [org.gradle.launcher.daemon.registry.PersistentDaemonRegistry] Marking busy by address: [2b942d1e-38b3-4fa5-8b89-96d36fa4e438 port:51330, addresses:[localhost/127.0.0.1]]
2021-06-21T14:59:22.562+0200 [DEBUG] [org.gradle.cache.internal.DefaultFileLockManager] Waiting to acquire exclusive lock on daemon addresses registry.
2021-06-21T14:59:22.563+0200 [DEBUG] [org.gradle.cache.internal.DefaultFileLockManager] Lock acquired on daemon addresses registry.
2021-06-21T14:59:22.564+0200 [DEBUG] [org.gradle.cache.internal.DefaultFileLockManager] Releasing lock on daemon addresses registry.
2021-06-21T14:59:22.564+0200 [DEBUG] [org.gradle.launcher.daemon.server.DaemonStateCoordinator] resetting idle timer
2021-06-21T14:59:22.564+0200 [DEBUG] [org.gradle.launcher.daemon.server.DaemonStateCoordinator] daemon is running. Sleeping until state changes.
2021-06-21T14:59:22.566+0200 [INFO] [org.gradle.launcher.daemon.server.exec.StartBuildOrRespondWithBusy] Daemon is about to start building Build{id=b82aa4d1-9abf-48df-8806-182a98249741, currentDir=C:\java\AndroidStudioProjects\Devlog}. Dispatching build started information...
2021-06-21T14:59:22.566+0200 [DEBUG] [org.gradle.launcher.daemon.server.SynchronizedDispatchConnection] thread 22: dispatching org.gradle.launcher.daemon.protocol.BuildStarted@76c7ff24
2021-06-21T14:59:22.569+0200 [DEBUG] [org.gradle.launcher.daemon.server.exec.EstablishBuildEnvironment] Configuring env variables: [USERDOMAIN_ROAMINGPROFILE, LOCALAPPDATA, PROCESSOR_LEVEL, USERDOMAIN, FPS_BROWSER_APP_PROFILE_STRING, LOGONSERVER, SESSIONNAME, ALLUSERSPROFILE, PROCESSOR_ARCHITECTURE, PSModulePath, SystemDrive, QT_DEVICE_PIXEL_RATIO, OneDrive, APPDATA, USERNAME, ProgramFiles(x86), CommonProgramFiles, Path, PT7HOME, FPS_BROWSER_USER_PROFILE_STRING, PATHEXT, DriverData, OS, COMPUTERNAME, PROCESSOR_REVISION, CommonProgramW6432, ComSpec, ProgramData, ProgramW6432, HOMEPATH, TEMP, SystemRoot, PROCESSOR_IDENTIFIER, USERPROFILE, HOMEDRIVE, TMP, ProgramFiles, CommonProgramFiles(x86), PUBLIC, VS160COMCOMNTOOLS, NUMBER_OF_PROCESSORS, windir, =::, IDEA_INITIAL_DIRECTORY]
2021-06-21T14:59:22.573+0200 [DEBUG] [org.gradle.launcher.daemon.server.SynchronizedDispatchConnection] thread 20: received class org.gradle.launcher.daemon.protocol.CloseInput
2021-06-21T14:59:22.573+0200 [DEBUG] [org.gradle.launcher.daemon.server.DefaultDaemonConnection] thread 20: Received IO message from client: org.gradle.launcher.daemon.protocol.CloseInput@6fdce48b
2021-06-21T14:59:22.577+0200 [DEBUG] [org.gradle.launcher.daemon.server.exec.LogToClient] About to start relaying all logs to the client via the connection.
2021-06-21T14:59:22.577+0200 [INFO] [org.gradle.launcher.daemon.server.exec.LogToClient] The client will now receive all logging from the daemon (pid: 1172). The daemon log file: C:\java\AndroidStudioProjects\Tutorat\daemon\6.7.1\daemon-1172.out.log
2021-06-21T14:59:22.580+0200 [INFO] [org.gradle.launcher.daemon.server.exec.LogAndCheckHealth] Starting build in new daemon [memory: 2,1 GB]
2021-06-21T14:59:22.581+0200 [INFO] [org.gradle.launcher.daemon.server.exec.ForwardClientInput] Closing daemon's stdin at end of input.
2021-06-21T14:59:22.581+0200 [INFO] [org.gradle.launcher.daemon.server.exec.ForwardClientInput] The daemon will no longer process any standard input.
2021-06-21T14:59:22.587+0200 [DEBUG] [org.gradle.launcher.daemon.server.exec.ExecuteBuild] The daemon has started executing the build.
2021-06-21T14:59:22.588+0200 [DEBUG] [org.gradle.launcher.daemon.server.exec.ExecuteBuild] Executing build with daemon context: DefaultDaemonContext[uid=1d95d201-f363-43ad-a832-f08035e65802,javaHome=C:\Program Files\Android\Android Studio\jre,daemonRegistryDir=C:\java\AndroidStudioProjects\Tutorat\daemon,pid=1172,idleTimeout=10800000,priority=NORMAL,daemonOpts=--add-opens,java.base/java.util=ALL-UNNAMED,--add-opens,java.base/java.lang=ALL-UNNAMED,--add-opens,java.base/java.lang.invoke=ALL-UNNAMED,--add-opens,java.prefs/java.util.prefs=ALL-UNNAMED,-Xmx2048m,-Dfile.encoding=UTF-8,-Duser.country=FR,-Duser.language=fr,-Duser.variant]
AGPBI: {"kind":"warning","text":"DSL element 'android.dataBinding.enabled' is obsolete and has been replaced with 'android.buildFeatures.dataBinding'.\nIt will be removed in version 7.0 of the Android Gradle plugin.","sources":[{}]}
AGPBI: {"kind":"warning","text":"Please remove usages of `jcenter()` Maven repository from your build scripts and migrate your build to other Maven repositories.\nThis repository is deprecated and it will be shut down in the future.\nSee http://developer.android.com/r/tools/jcenter-end-of-service for more information.\nCurrently detected usages in: root project 'Devlog', project ':app'","sources":[{}]}

FAILURE: Build failed with an exception.

* What went wrong:
Execution failed for task ':app:javaPreCompileDebug'.
> Could not resolve all files for configuration ':app:debugAnnotationProcessorClasspath'.
   > Could not resolve androidx.databinding:databinding-compiler:4.2.1.
     Required by:
         project :app
      > Could not resolve androidx.databinding:databinding-compiler:4.2.1.
         > Could not get resource 'https://dl.google.com/dl/android/maven2/androidx/databinding/databinding-compiler/4.2.1/databinding-compiler-4.2.1.pom'.
            > Could not GET 'https://dl.google.com/dl/android/maven2/androidx/databinding/databinding-compiler/4.2.1/databinding-compiler-4.2.1.pom'.
               > H么te inconnu (dl.google.com)
      > Could not resolve androidx.databinding:databinding-compiler:4.2.1.
         > Could not get resource 'https://jcenter.bintray.com/androidx/databinding/databinding-compiler/4.2.1/databinding-compiler-4.2.1.pom'.
            > Could not GET 'https://jcenter.bintray.com/androidx/databinding/databinding-compiler/4.2.1/databinding-compiler-4.2.1.pom'.
               > H么te inconnu (jcenter.bintray.com)

* Try:
Run with --stacktrace option to get the stack trace. Run with --info or --debug option to get more log output. Run with --scan to get full insights.

* Get more help at https://help.gradle.org

BUILD FAILED in 12s
8 actionable tasks: 1 executed, 7 up-to-date
2021-06-21T14:59:32.730+0200 [DEBUG] [org.gradle.launcher.daemon.server.exec.ExecuteBuild] The daemon has finished executing the build.
2021-06-21T14:59:32.747+0200 [DEBUG] [org.gradle.launcher.daemon.server.DaemonStateCoordinator] daemon is running. Sleeping until state changes.
2021-06-21T14:59:32.748+0200 [DEBUG] [org.gradle.launcher.daemon.server.DaemonStateCoordinator] Command execution: finished waiting for DaemonCommandExecution[command = Build{id=b82aa4d1-9abf-48df-8806-182a98249741, currentDir=C:\java\AndroidStudioProjects\Devlog}, connection = DefaultDaemonConnection: socket connection from /127.0.0.1:51330 to /127.0.0.1:51331]. Result org.gradle.launcher.daemon.server.DaemonStateCoordinator@6c4c3715 with state Busy
2021-06-21T14:59:32.748+0200 [DEBUG] [org.gradle.launcher.daemon.server.DaemonStateCoordinator] Command execution: completed DaemonCommandExecution[command = Build{id=b82aa4d1-9abf-48df-8806-182a98249741, currentDir=C:\java\AndroidStudioProjects\Devlog}, connection = DefaultDaemonConnection: socket connection from /127.0.0.1:51330 to /127.0.0.1:51331]
2021-06-21T14:59:32.748+0200 [DEBUG] [org.gradle.launcher.daemon.server.DaemonStateCoordinator] resetting idle timer
2021-06-21T14:59:32.748+0200 [INFO] [org.gradle.launcher.daemon.server.DaemonRegistryUpdater] Marking the daemon as idle, address: [2b942d1e-38b3-4fa5-8b89-96d36fa4e438 port:51330, addresses:[localhost/127.0.0.1]]
2021-06-21T14:59:32.749+0200 [DEBUG] [org.gradle.launcher.daemon.registry.PersistentDaemonRegistry] Marking busy by address: [2b942d1e-38b3-4fa5-8b89-96d36fa4e438 port:51330, addresses:[localhost/127.0.0.1]]
2021-06-21T14:59:32.752+0200 [DEBUG] [org.gradle.cache.internal.DefaultFileLockManager] Waiting to acquire exclusive lock on daemon addresses registry.
2021-06-21T14:59:32.753+0200 [DEBUG] [org.gradle.cache.internal.DefaultFileLockManager] Lock acquired on daemon addresses registry.
2021-06-21T14:59:32.756+0200 [DEBUG] [org.gradle.cache.internal.DefaultFileLockManager] Releasing lock on daemon addresses registry.
2021-06-21T14:59:32.757+0200 [DEBUG] [org.gradle.launcher.daemon.server.DaemonStateCoordinator] daemon is running. Sleeping until state changes.
2021-06-21T14:59:32.758+0200 [DEBUG] [org.gradle.launcher.daemon.server.exec.ReturnResult] Daemon is dispatching the build result: Success[value=org.gradle.launcher.exec.BuildActionResult@107eef6]
2021-06-21T14:59:32.758+0200 [DEBUG] [org.gradle.launcher.daemon.server.SynchronizedDispatchConnection] thread 19: dispatching Success[value=org.gradle.launcher.exec.BuildActionResult@107eef6]
2021-06-21T14:59:32.795+0200 [DEBUG] [org.gradle.launcher.daemon.server.DefaultIncomingConnectionHandler] Finishing executing command: Build{id=b82aa4d1-9abf-48df-8806-182a98249741, currentDir=C:\java\AndroidStudioProjects\Devlog}
2021-06-21T14:59:32.809+0200 [DEBUG] [org.gradle.launcher.daemon.server.SynchronizedDispatchConnection] thread 20: received class org.gradle.launcher.daemon.protocol.Finished
2021-06-21T14:59:32.810+0200 [DEBUG] [org.gradle.launcher.daemon.server.DefaultDaemonConnection] thread 20: Received non-IO message from client: org.gradle.launcher.daemon.protocol.Finished@5d931d61
2021-06-21T14:59:32.811+0200 [DEBUG] [org.gradle.launcher.daemon.server.DefaultIncomingConnectionHandler] Received finished message: org.gradle.launcher.daemon.protocol.Finished@5d931d61
2021-06-21T14:59:32.811+0200 [DEBUG] [org.gradle.launcher.daemon.server.SynchronizedDispatchConnection] thread 19: stopping connection
2021-06-21T14:59:32.811+0200 [DEBUG] [org.gradle.internal.remote.internal.inet.SocketConnection] Discarding EOFException: java.io.EOFException
2021-06-21T14:59:32.812+0200 [DEBUG] [org.gradle.launcher.daemon.server.SynchronizedDispatchConnection] thread 20: received null
2021-06-21T14:59:32.812+0200 [DEBUG] [org.gradle.launcher.daemon.server.DefaultDaemonConnection] thread 20: Received end-of-input from client.
2021-06-21T14:59:32.814+0200 [DEBUG] [org.gradle.launcher.daemon.server.SynchronizedDispatchConnection] thread 19: stopping connection
2021-06-21T14:59:42.481+0200 [DEBUG] [org.gradle.cache.internal.DefaultFileLockManager] Waiting to acquire shared lock on daemon addresses registry.
2021-06-21T14:59:42.481+0200 [DEBUG] [org.gradle.cache.internal.DefaultFileLockManager] Lock acquired on daemon addresses registry.
2021-06-21T14:59:42.482+0200 [DEBUG] [org.gradle.cache.internal.DefaultFileLockManager] Releasing lock on daemon addresses registry.
2021-06-21T14:59:42.484+0200 [DEBUG] [org.gradle.cache.internal.DefaultFileLockManager] Waiting to acquire shared lock on daemon addresses registry.
2021-06-21T14:59:42.485+0200 [DEBUG] [org.gradle.cache.internal.DefaultFileLockManager] Lock acquired on daemon addresses registry.
2021-06-21T14:59:42.485+0200 [DEBUG] [org.gradle.cache.internal.DefaultFileLockManager] Releasing lock on daemon addresses registry.
2021-06-21T14:59:52.293+0200 [DEBUG] [org.gradle.internal.remote.internal.inet.TcpIncomingConnector] Accepted connection from /127.0.0.1:51355 to /127.0.0.1:51330.
2021-06-21T14:59:52.298+0200 [DEBUG] [org.gradle.launcher.daemon.server.SynchronizedDispatchConnection] thread 153: received class org.gradle.launcher.daemon.protocol.Build
2021-06-21T14:59:52.298+0200 [DEBUG] [org.gradle.launcher.daemon.server.DefaultDaemonConnection] thread 153: Received non-IO message from client: Build{id=199ac500-c94a-41d3-863c-f386db9b69fc, currentDir=C:\java\AndroidStudioProjects\Devlog}
2021-06-21T14:59:52.299+0200 [INFO] [org.gradle.launcher.daemon.server.DefaultIncomingConnectionHandler] Received command: Build{id=199ac500-c94a-41d3-863c-f386db9b69fc, currentDir=C:\java\AndroidStudioProjects\Devlog}.
2021-06-21T14:59:52.299+0200 [DEBUG] [org.gradle.launcher.daemon.server.DefaultIncomingConnectionHandler] Starting executing command: Build{id=199ac500-c94a-41d3-863c-f386db9b69fc, currentDir=C:\java\AndroidStudioProjects\Devlog} with connection: socket connection from /127.0.0.1:51330 to /127.0.0.1:51355.
2021-06-21T14:59:52.300+0200 [ERROR] [org.gradle.launcher.daemon.server.DaemonStateCoordinator] Command execution: started DaemonCommandExecution[command = Build{id=199ac500-c94a-41d3-863c-f386db9b69fc, currentDir=C:\java\AndroidStudioProjects\Devlog}, connection = DefaultDaemonConnection: socket connection from /127.0.0.1:51330 to /127.0.0.1:51355] after 0.0 minutes of idle
2021-06-21T14:59:52.300+0200 [INFO] [org.gradle.launcher.daemon.server.DaemonRegistryUpdater] Marking the daemon as busy, address: [2b942d1e-38b3-4fa5-8b89-96d36fa4e438 port:51330, addresses:[localhost/127.0.0.1]]
2021-06-21T14:59:52.300+0200 [DEBUG] [org.gradle.launcher.daemon.registry.PersistentDaemonRegistry] Marking busy by address: [2b942d1e-38b3-4fa5-8b89-96d36fa4e438 port:51330, addresses:[localhost/127.0.0.1]]
2021-06-21T14:59:52.301+0200 [DEBUG] [org.gradle.cache.internal.DefaultFileLockManager] Waiting to acquire exclusive lock on daemon addresses registry.
2021-06-21T14:59:52.301+0200 [DEBUG] [org.gradle.cache.internal.DefaultFileLockManager] Lock acquired on daemon addresses registry.
2021-06-21T14:59:52.302+0200 [DEBUG] [org.gradle.cache.internal.DefaultFileLockManager] Releasing lock on daemon addresses registry.
2021-06-21T14:59:52.302+0200 [DEBUG] [org.gradle.launcher.daemon.server.DaemonStateCoordinator] resetting idle timer
2021-06-21T14:59:52.303+0200 [DEBUG] [org.gradle.launcher.daemon.server.DaemonStateCoordinator] daemon is running. Sleeping until state changes.
2021-06-21T14:59:52.303+0200 [INFO] [org.gradle.launcher.daemon.server.exec.StartBuildOrRespondWithBusy] Daemon is about to start building Build{id=199ac500-c94a-41d3-863c-f386db9b69fc, currentDir=C:\java\AndroidStudioProjects\Devlog}. Dispatching build started information...
2021-06-21T14:59:52.303+0200 [DEBUG] [org.gradle.launcher.daemon.server.SynchronizedDispatchConnection] thread 22: dispatching org.gradle.launcher.daemon.protocol.BuildStarted@451b62e8
2021-06-21T14:59:52.304+0200 [DEBUG] [org.gradle.launcher.daemon.server.exec.EstablishBuildEnvironment] Configuring env variables: [USERDOMAIN_ROAMINGPROFILE, LOCALAPPDATA, PROCESSOR_LEVEL, USERDOMAIN, FPS_BROWSER_APP_PROFILE_STRING, LOGONSERVER, SESSIONNAME, ALLUSERSPROFILE, PROCESSOR_ARCHITECTURE, PSModulePath, SystemDrive, QT_DEVICE_PIXEL_RATIO, OneDrive, APPDATA, USERNAME, ProgramFiles(x86), CommonProgramFiles, Path, PT7HOME, FPS_BROWSER_USER_PROFILE_STRING, PATHEXT, DriverData, OS, COMPUTERNAME, PROCESSOR_REVISION, CommonProgramW6432, ComSpec, ProgramData, ProgramW6432, HOMEPATH, TEMP, SystemRoot, PROCESSOR_IDENTIFIER, USERPROFILE, HOMEDRIVE, TMP, ProgramFiles, CommonProgramFiles(x86), PUBLIC, VS160COMCOMNTOOLS, NUMBER_OF_PROCESSORS, windir, =::, IDEA_INITIAL_DIRECTORY]
2021-06-21T14:59:52.305+0200 [DEBUG] [org.gradle.launcher.daemon.server.SynchronizedDispatchConnection] thread 153: received class org.gradle.launcher.daemon.protocol.CloseInput
2021-06-21T14:59:52.305+0200 [DEBUG] [org.gradle.launcher.daemon.server.DefaultDaemonConnection] thread 153: Received IO message from client: org.gradle.launcher.daemon.protocol.CloseInput@7249e31
2021-06-21T14:59:52.306+0200 [DEBUG] [org.gradle.launcher.daemon.server.exec.LogToClient] About to start relaying all logs to the client via the connection.
2021-06-21T14:59:52.306+0200 [INFO] [org.gradle.launcher.daemon.server.exec.LogToClient] The client will now receive all logging from the daemon (pid: 1172). The daemon log file: C:\java\AndroidStudioProjects\Tutorat\daemon\6.7.1\daemon-1172.out.log
2021-06-21T14:59:52.306+0200 [INFO] [org.gradle.launcher.daemon.server.exec.LogAndCheckHealth] Starting 2nd build in daemon [uptime: 30.652 secs, performance: 99%]
2021-06-21T14:59:52.307+0200 [DEBUG] [org.gradle.launcher.daemon.server.exec.ExecuteBuild] The daemon has started executing the build.
2021-06-21T14:59:52.307+0200 [INFO] [org.gradle.launcher.daemon.server.exec.ForwardClientInput] Closing daemon's stdin at end of input.
2021-06-21T14:59:52.307+0200 [DEBUG] [org.gradle.launcher.daemon.server.exec.ExecuteBuild] Executing build with daemon context: DefaultDaemonContext[uid=1d95d201-f363-43ad-a832-f08035e65802,javaHome=C:\Program Files\Android\Android Studio\jre,daemonRegistryDir=C:\java\AndroidStudioProjects\Tutorat\daemon,pid=1172,idleTimeout=10800000,priority=NORMAL,daemonOpts=--add-opens,java.base/java.util=ALL-UNNAMED,--add-opens,java.base/java.lang=ALL-UNNAMED,--add-opens,java.base/java.lang.invoke=ALL-UNNAMED,--add-opens,java.prefs/java.util.prefs=ALL-UNNAMED,-Xmx2048m,-Dfile.encoding=UTF-8,-Duser.country=FR,-Duser.language=fr,-Duser.variant]
2021-06-21T14:59:52.307+0200 [INFO] [org.gradle.launcher.daemon.server.exec.ForwardClientInput] The daemon will no longer process any standard input.
AGPBI: {"kind":"warning","text":"DSL element 'android.dataBinding.enabled' is obsolete and has been replaced with 'android.buildFeatures.dataBinding'.\nIt will be removed in version 7.0 of the Android Gradle plugin.","sources":[{}]}
AGPBI: {"kind":"warning","text":"Please remove usages of `jcenter()` Maven repository from your build scripts and migrate your build to other Maven repositories.\nThis repository is deprecated and it will be shut down in the future.\nSee http://developer.android.com/r/tools/jcenter-end-of-service for more information.\nCurrently detected usages in: root project 'Devlog', project ':app'","sources":[{}]}

FAILURE: Build failed with an exception.

* What went wrong:
Execution failed for task ':app:javaPreCompileDebug'.
> Could not resolve all files for configuration ':app:debugAnnotationProcessorClasspath'.
   > Could not resolve androidx.databinding:databinding-compiler:4.2.1.
     Required by:
         project :app
      > Could not resolve androidx.databinding:databinding-compiler:4.2.1.
         > Could not get resource 'https://dl.google.com/dl/android/maven2/androidx/databinding/databinding-compiler/4.2.1/databinding-compiler-4.2.1.pom'.
            > Could not GET 'https://dl.google.com/dl/android/maven2/androidx/databinding/databinding-compiler/4.2.1/databinding-compiler-4.2.1.pom'.
               > H么te inconnu (dl.google.com)
      > Could not resolve androidx.databinding:databinding-compiler:4.2.1.
         > Could not get resource 'https://jcenter.bintray.com/androidx/databinding/databinding-compiler/4.2.1/databinding-compiler-4.2.1.pom'.
            > Could not GET 'https://jcenter.bintray.com/androidx/databinding/databinding-compiler/4.2.1/databinding-compiler-4.2.1.pom'.
               > H么te inconnu (jcenter.bintray.com)

* Try:
Run with --stacktrace option to get the stack trace. Run with --info or --debug option to get more log output. Run with --scan to get full insights.

* Get more help at https://help.gradle.org

BUILD FAILED in 1s
8 actionable tasks: 1 executed, 7 up-to-date
2021-06-21T14:59:53.465+0200 [DEBUG] [org.gradle.launcher.daemon.server.exec.ExecuteBuild] The daemon has finished executing the build.
2021-06-21T14:59:53.485+0200 [DEBUG] [org.gradle.launcher.daemon.server.DaemonStateCoordinator] Command execution: finished waiting for DaemonCommandExecution[command = Build{id=199ac500-c94a-41d3-863c-f386db9b69fc, currentDir=C:\java\AndroidStudioProjects\Devlog}, connection = DefaultDaemonConnection: socket connection from /127.0.0.1:51330 to /127.0.0.1:51355]. Result org.gradle.launcher.daemon.server.DaemonStateCoordinator@6c4c3715 with state Busy
2021-06-21T14:59:53.486+0200 [DEBUG] [org.gradle.launcher.daemon.server.DaemonStateCoordinator] Command execution: completed DaemonCommandExecution[command = Build{id=199ac500-c94a-41d3-863c-f386db9b69fc, currentDir=C:\java\AndroidStudioProjects\Devlog}, connection = DefaultDaemonConnection: socket connection from /127.0.0.1:51330 to /127.0.0.1:51355]
2021-06-21T14:59:53.486+0200 [DEBUG] [org.gradle.launcher.daemon.server.DaemonStateCoordinator] resetting idle timer
2021-06-21T14:59:53.486+0200 [INFO] [org.gradle.launcher.daemon.server.DaemonRegistryUpdater] Marking the daemon as idle, address: [2b942d1e-38b3-4fa5-8b89-96d36fa4e438 port:51330, addresses:[localhost/127.0.0.1]]
2021-06-21T14:59:53.487+0200 [DEBUG] [org.gradle.launcher.daemon.registry.PersistentDaemonRegistry] Marking busy by address: [2b942d1e-38b3-4fa5-8b89-96d36fa4e438 port:51330, addresses:[localhost/127.0.0.1]]
2021-06-21T14:59:53.488+0200 [DEBUG] [org.gradle.cache.internal.DefaultFileLockManager] Waiting to acquire exclusive lock on daemon addresses registry.
2021-06-21T14:59:53.489+0200 [DEBUG] [org.gradle.cache.internal.DefaultFileLockManager] Lock acquired on daemon addresses registry.
2021-06-21T14:59:53.491+0200 [DEBUG] [org.gradle.cache.internal.DefaultFileLockManager] Releasing lock on daemon addresses registry.
2021-06-21T14:59:53.491+0200 [DEBUG] [org.gradle.launcher.daemon.server.DaemonStateCoordinator] daemon is running. Sleeping until state changes.
2021-06-21T14:59:53.491+0200 [DEBUG] [org.gradle.launcher.daemon.server.exec.ReturnResult] Daemon is dispatching the build result: Success[value=org.gradle.launcher.exec.BuildActionResult@7fec301d]
2021-06-21T14:59:53.491+0200 [DEBUG] [org.gradle.launcher.daemon.server.SynchronizedDispatchConnection] thread 19: dispatching Success[value=org.gradle.launcher.exec.BuildActionResult@7fec301d]
2021-06-21T14:59:53.495+0200 [DEBUG] [org.gradle.launcher.daemon.server.DefaultIncomingConnectionHandler] Finishing executing command: Build{id=199ac500-c94a-41d3-863c-f386db9b69fc, currentDir=C:\java\AndroidStudioProjects\Devlog}
2021-06-21T14:59:53.502+0200 [DEBUG] [org.gradle.launcher.daemon.server.SynchronizedDispatchConnection] thread 153: received class org.gradle.launcher.daemon.protocol.Finished
2021-06-21T14:59:53.503+0200 [DEBUG] [org.gradle.launcher.daemon.server.DefaultDaemonConnection] thread 153: Received non-IO message from client: org.gradle.launcher.daemon.protocol.Finished@9e370a5
2021-06-21T14:59:53.503+0200 [DEBUG] [org.gradle.launcher.daemon.server.DefaultIncomingConnectionHandler] Received finished message: org.gradle.launcher.daemon.protocol.Finished@9e370a5
2021-06-21T14:59:53.503+0200 [DEBUG] [org.gradle.internal.remote.internal.inet.SocketConnection] Discarding EOFException: java.io.EOFException
2021-06-21T14:59:53.503+0200 [DEBUG] [org.gradle.launcher.daemon.server.SynchronizedDispatchConnection] thread 153: received null
2021-06-21T14:59:53.503+0200 [DEBUG] [org.gradle.launcher.daemon.server.DefaultDaemonConnection] thread 153: Received end-of-input from client.
2021-06-21T14:59:53.504+0200 [DEBUG] [org.gradle.launcher.daemon.server.SynchronizedDispatchConnection] thread 19: stopping connection
2021-06-21T14:59:53.505+0200 [DEBUG] [org.gradle.launcher.daemon.server.SynchronizedDispatchConnection] thread 19: stopping connection
2021-06-21T15:00:02.487+0200 [DEBUG] [org.gradle.cache.internal.DefaultFileLockManager] Waiting to acquire shared lock on daemon addresses registry.
2021-06-21T15:00:02.487+0200 [DEBUG] [org.gradle.cache.internal.DefaultFileLockManager] Lock acquired on daemon addresses registry.
2021-06-21T15:00:02.487+0200 [DEBUG] [org.gradle.cache.internal.DefaultFileLockManager] Releasing lock on daemon addresses registry.
2021-06-21T15:00:02.488+0200 [DEBUG] [org.gradle.cache.internal.DefaultFileLockManager] Waiting to acquire shared lock on daemon addresses registry.
2021-06-21T15:00:02.488+0200 [DEBUG] [org.gradle.cache.internal.DefaultFileLockManager] Lock acquired on daemon addresses registry.
2021-06-21T15:00:02.488+0200 [DEBUG] [org.gradle.cache.internal.DefaultFileLockManager] Releasing lock on daemon addresses registry.
2021-06-21T15:00:11.835+0200 [DEBUG] [org.gradle.internal.remote.internal.inet.TcpIncomingConnector] Accepted connection from /127.0.0.1:51364 to /127.0.0.1:51330.
2021-06-21T15:00:11.839+0200 [DEBUG] [org.gradle.launcher.daemon.server.SynchronizedDispatchConnection] thread 182: received class org.gradle.launcher.daemon.protocol.Build
2021-06-21T15:00:11.840+0200 [DEBUG] [org.gradle.launcher.daemon.server.DefaultDaemonConnection] thread 182: Received non-IO message from client: Build{id=f41e9550-2b72-4130-b7fe-0f97f361328d, currentDir=C:\java\AndroidStudioProjects\Devlog}
2021-06-21T15:00:11.840+0200 [INFO] [org.gradle.launcher.daemon.server.DefaultIncomingConnectionHandler] Received command: Build{id=f41e9550-2b72-4130-b7fe-0f97f361328d, currentDir=C:\java\AndroidStudioProjects\Devlog}.
2021-06-21T15:00:11.840+0200 [DEBUG] [org.gradle.launcher.daemon.server.DefaultIncomingConnectionHandler] Starting executing command: Build{id=f41e9550-2b72-4130-b7fe-0f97f361328d, currentDir=C:\java\AndroidStudioProjects\Devlog} with connection: socket connection from /127.0.0.1:51330 to /127.0.0.1:51364.
2021-06-21T15:00:11.841+0200 [ERROR] [org.gradle.launcher.daemon.server.DaemonStateCoordinator] Command execution: started DaemonCommandExecution[command = Build{id=f41e9550-2b72-4130-b7fe-0f97f361328d, currentDir=C:\java\AndroidStudioProjects\Devlog}, connection = DefaultDaemonConnection: socket connection from /127.0.0.1:51330 to /127.0.0.1:51364] after 0.0 minutes of idle
2021-06-21T15:00:11.841+0200 [INFO] [org.gradle.launcher.daemon.server.DaemonRegistryUpdater] Marking the daemon as busy, address: [2b942d1e-38b3-4fa5-8b89-96d36fa4e438 port:51330, addresses:[localhost/127.0.0.1]]
2021-06-21T15:00:11.841+0200 [DEBUG] [org.gradle.launcher.daemon.registry.PersistentDaemonRegistry] Marking busy by address: [2b942d1e-38b3-4fa5-8b89-96d36fa4e438 port:51330, addresses:[localhost/127.0.0.1]]
2021-06-21T15:00:11.842+0200 [DEBUG] [org.gradle.cache.internal.DefaultFileLockManager] Waiting to acquire exclusive lock on daemon addresses registry.
2021-06-21T15:00:11.842+0200 [DEBUG] [org.gradle.cache.internal.DefaultFileLockManager] Lock acquired on daemon addresses registry.
2021-06-21T15:00:11.843+0200 [DEBUG] [org.gradle.cache.internal.DefaultFileLockManager] Releasing lock on daemon addresses registry.
2021-06-21T15:00:11.844+0200 [DEBUG] [org.gradle.launcher.daemon.server.DaemonStateCoordinator] resetting idle timer
2021-06-21T15:00:11.844+0200 [DEBUG] [org.gradle.launcher.daemon.server.DaemonStateCoordinator] daemon is running. Sleeping until state changes.
2021-06-21T15:00:11.844+0200 [INFO] [org.gradle.launcher.daemon.server.exec.StartBuildOrRespondWithBusy] Daemon is about to start building Build{id=f41e9550-2b72-4130-b7fe-0f97f361328d, currentDir=C:\java\AndroidStudioProjects\Devlog}. Dispatching build started information...
2021-06-21T15:00:11.847+0200 [DEBUG] [org.gradle.launcher.daemon.server.SynchronizedDispatchConnection] thread 22: dispatching org.gradle.launcher.daemon.protocol.BuildStarted@7f010023
2021-06-21T15:00:11.849+0200 [DEBUG] [org.gradle.launcher.daemon.server.exec.EstablishBuildEnvironment] Configuring env variables: [USERDOMAIN_ROAMINGPROFILE, LOCALAPPDATA, PROCESSOR_LEVEL, USERDOMAIN, FPS_BROWSER_APP_PROFILE_STRING, LOGONSERVER, SESSIONNAME, ALLUSERSPROFILE, PROCESSOR_ARCHITECTURE, PSModulePath, SystemDrive, QT_DEVICE_PIXEL_RATIO, OneDrive, APPDATA, USERNAME, ProgramFiles(x86), CommonProgramFiles, Path, PT7HOME, FPS_BROWSER_USER_PROFILE_STRING, PATHEXT, DriverData, OS, COMPUTERNAME, PROCESSOR_REVISION, CommonProgramW6432, ComSpec, ProgramData, ProgramW6432, HOMEPATH, TEMP, SystemRoot, PROCESSOR_IDENTIFIER, USERPROFILE, HOMEDRIVE, TMP, ProgramFiles, CommonProgramFiles(x86), PUBLIC, VS160COMCOMNTOOLS, NUMBER_OF_PROCESSORS, windir, =::, IDEA_INITIAL_DIRECTORY]
2021-06-21T15:00:11.850+0200 [DEBUG] [org.gradle.launcher.daemon.server.SynchronizedDispatchConnection] thread 182: received class org.gradle.launcher.daemon.protocol.CloseInput
2021-06-21T15:00:11.850+0200 [DEBUG] [org.gradle.launcher.daemon.server.DefaultDaemonConnection] thread 182: Received IO message from client: org.gradle.launcher.daemon.protocol.CloseInput@4fca2d39
2021-06-21T15:00:11.851+0200 [DEBUG] [org.gradle.launcher.daemon.server.exec.LogToClient] About to start relaying all logs to the client via the connection.
2021-06-21T15:00:11.851+0200 [INFO] [org.gradle.launcher.daemon.server.exec.LogToClient] The client will now receive all logging from the daemon (pid: 1172). The daemon log file: C:\java\AndroidStudioProjects\Tutorat\daemon\6.7.1\daemon-1172.out.log
2021-06-21T15:00:11.852+0200 [INFO] [org.gradle.launcher.daemon.server.exec.LogAndCheckHealth] Starting 3rd build in daemon [uptime: 50.197 secs, performance: 99%]
2021-06-21T15:00:11.852+0200 [DEBUG] [org.gradle.launcher.daemon.server.exec.ExecuteBuild] The daemon has started executing the build.
2021-06-21T15:00:11.852+0200 [INFO] [org.gradle.launcher.daemon.server.exec.ForwardClientInput] Closing daemon's stdin at end of input.
2021-06-21T15:00:11.852+0200 [DEBUG] [org.gradle.launcher.daemon.server.exec.ExecuteBuild] Executing build with daemon context: DefaultDaemonContext[uid=1d95d201-f363-43ad-a832-f08035e65802,javaHome=C:\Program Files\Android\Android Studio\jre,daemonRegistryDir=C:\java\AndroidStudioProjects\Tutorat\daemon,pid=1172,idleTimeout=10800000,priority=NORMAL,daemonOpts=--add-opens,java.base/java.util=ALL-UNNAMED,--add-opens,java.base/java.lang=ALL-UNNAMED,--add-opens,java.base/java.lang.invoke=ALL-UNNAMED,--add-opens,java.prefs/java.util.prefs=ALL-UNNAMED,-Xmx2048m,-Dfile.encoding=UTF-8,-Duser.country=FR,-Duser.language=fr,-Duser.variant]
2021-06-21T15:00:11.853+0200 [INFO] [org.gradle.launcher.daemon.server.exec.ForwardClientInput] The daemon will no longer process any standard input.
AGPBI: {"kind":"warning","text":"DSL element 'android.dataBinding.enabled' is obsolete and has been replaced with 'android.buildFeatures.dataBinding'.\nIt will be removed in version 7.0 of the Android Gradle plugin.","sources":[{}]}
AGPBI: {"kind":"warning","text":"Please remove usages of `jcenter()` Maven repository from your build scripts and migrate your build to other Maven repositories.\nThis repository is deprecated and it will be shut down in the future.\nSee http://developer.android.com/r/tools/jcenter-end-of-service for more information.\nCurrently detected usages in: root project 'Devlog', project ':app'","sources":[{}]}

FAILURE: Build failed with an exception.

* What went wrong:
Execution failed for task ':app:javaPreCompileDebug'.
> Could not resolve all files for configuration ':app:debugAnnotationProcessorClasspath'.
   > Could not resolve androidx.databinding:databinding-compiler:4.2.1.
     Required by:
         project :app
      > Could not resolve androidx.databinding:databinding-compiler:4.2.1.
         > Could not get resource 'https://dl.google.com/dl/android/maven2/androidx/databinding/databinding-compiler/4.2.1/databinding-compiler-4.2.1.pom'.
            > Could not GET 'https://dl.google.com/dl/android/maven2/androidx/databinding/databinding-compiler/4.2.1/databinding-compiler-4.2.1.pom'.
               > H么te inconnu (dl.google.com)
      > Could not resolve androidx.databinding:databinding-compiler:4.2.1.
         > Could not get resource 'https://jcenter.bintray.com/androidx/databinding/databinding-compiler/4.2.1/databinding-compiler-4.2.1.pom'.
            > Could not GET 'https://jcenter.bintray.com/androidx/databinding/databinding-compiler/4.2.1/databinding-compiler-4.2.1.pom'.
               > H么te inconnu (jcenter.bintray.com)

* Try:
Run with --stacktrace option to get the stack trace. Run with --info or --debug option to get more log output. Run with --scan to get full insights.

* Get more help at https://help.gradle.org

BUILD FAILED in 1s
8 actionable tasks: 1 executed, 7 up-to-date
2021-06-21T15:00:12.930+0200 [DEBUG] [org.gradle.launcher.daemon.server.exec.ExecuteBuild] The daemon has finished executing the build.
2021-06-21T15:00:12.948+0200 [DEBUG] [org.gradle.launcher.daemon.server.DaemonStateCoordinator] Command execution: finished waiting for DaemonCommandExecution[command = Build{id=f41e9550-2b72-4130-b7fe-0f97f361328d, currentDir=C:\java\AndroidStudioProjects\Devlog}, connection = DefaultDaemonConnection: socket connection from /127.0.0.1:51330 to /127.0.0.1:51364]. Result org.gradle.launcher.daemon.server.DaemonStateCoordinator@6c4c3715 with state Busy
2021-06-21T15:00:12.948+0200 [DEBUG] [org.gradle.launcher.daemon.server.DaemonStateCoordinator] Command execution: completed DaemonCommandExecution[command = Build{id=f41e9550-2b72-4130-b7fe-0f97f361328d, currentDir=C:\java\AndroidStudioProjects\Devlog}, connection = DefaultDaemonConnection: socket connection from /127.0.0.1:51330 to /127.0.0.1:51364]
2021-06-21T15:00:12.949+0200 [DEBUG] [org.gradle.launcher.daemon.server.DaemonStateCoordinator] resetting idle timer
2021-06-21T15:00:12.949+0200 [INFO] [org.gradle.launcher.daemon.server.DaemonRegistryUpdater] Marking the daemon as idle, address: [2b942d1e-38b3-4fa5-8b89-96d36fa4e438 port:51330, addresses:[localhost/127.0.0.1]]
2021-06-21T15:00:12.949+0200 [DEBUG] [org.gradle.launcher.daemon.registry.PersistentDaemonRegistry] Marking busy by address: [2b942d1e-38b3-4fa5-8b89-96d36fa4e438 port:51330, addresses:[localhost/127.0.0.1]]
2021-06-21T15:00:12.950+0200 [DEBUG] [org.gradle.cache.internal.DefaultFileLockManager] Waiting to acquire exclusive lock on daemon addresses registry.
2021-06-21T15:00:12.951+0200 [DEBUG] [org.gradle.cache.internal.DefaultFileLockManager] Lock acquired on daemon addresses registry.
2021-06-21T15:00:12.953+0200 [DEBUG] [org.gradle.cache.internal.DefaultFileLockManager] Releasing lock on daemon addresses registry.
2021-06-21T15:00:12.953+0200 [DEBUG] [org.gradle.launcher.daemon.server.DaemonStateCoordinator] daemon is running. Sleeping until state changes.
2021-06-21T15:00:12.953+0200 [DEBUG] [org.gradle.launcher.daemon.server.exec.ReturnResult] Daemon is dispatching the build result: Success[value=org.gradle.launcher.exec.BuildActionResult@19652bde]
2021-06-21T15:00:12.954+0200 [DEBUG] [org.gradle.launcher.daemon.server.SynchronizedDispatchConnection] thread 19: dispatching Success[value=org.gradle.launcher.exec.BuildActionResult@19652bde]
2021-06-21T15:00:12.955+0200 [DEBUG] [org.gradle.launcher.daemon.server.DefaultIncomingConnectionHandler] Finishing executing command: Build{id=f41e9550-2b72-4130-b7fe-0f97f361328d, currentDir=C:\java\AndroidStudioProjects\Devlog}
2021-06-21T15:00:12.960+0200 [DEBUG] [org.gradle.launcher.daemon.server.SynchronizedDispatchConnection] thread 182: received class org.gradle.launcher.daemon.protocol.Finished
2021-06-21T15:00:12.961+0200 [DEBUG] [org.gradle.launcher.daemon.server.DefaultDaemonConnection] thread 182: Received non-IO message from client: org.gradle.launcher.daemon.protocol.Finished@410dcab0
2021-06-21T15:00:12.962+0200 [DEBUG] [org.gradle.internal.remote.internal.inet.SocketConnection] Discarding EOFException: java.io.EOFException
2021-06-21T15:00:12.962+0200 [DEBUG] [org.gradle.launcher.daemon.server.SynchronizedDispatchConnection] thread 182: received null
2021-06-21T15:00:12.962+0200 [DEBUG] [org.gradle.launcher.daemon.server.DefaultDaemonConnection] thread 182: Received end-of-input from client.
2021-06-21T15:00:12.963+0200 [DEBUG] [org.gradle.launcher.daemon.server.DefaultIncomingConnectionHandler] Received finished message: null
2021-06-21T15:00:12.964+0200 [DEBUG] [org.gradle.launcher.daemon.server.SynchronizedDispatchConnection] thread 19: stopping connection
2021-06-21T15:00:12.966+0200 [DEBUG] [org.gradle.launcher.daemon.server.SynchronizedDispatchConnection] thread 19: stopping connection
2021-06-21T15:00:22.495+0200 [DEBUG] [org.gradle.cache.internal.DefaultFileLockManager] Waiting to acquire shared lock on daemon addresses registry.
2021-06-21T15:00:22.495+0200 [DEBUG] [org.gradle.cache.internal.DefaultFileLockManager] Lock acquired on daemon addresses registry.
2021-06-21T15:00:22.496+0200 [DEBUG] [org.gradle.cache.internal.DefaultFileLockManager] Releasing lock on daemon addresses registry.
2021-06-21T15:00:22.497+0200 [DEBUG] [org.gradle.cache.internal.DefaultFileLockManager] Waiting to acquire shared lock on daemon addresses registry.
2021-06-21T15:00:22.497+0200 [DEBUG] [org.gradle.cache.internal.DefaultFileLockManager] Lock acquired on daemon addresses registry.
2021-06-21T15:00:22.497+0200 [DEBUG] [org.gradle.cache.internal.DefaultFileLockManager] Releasing lock on daemon addresses registry.
2021-06-21T15:00:32.486+0200 [DEBUG] [org.gradle.cache.internal.DefaultFileLockManager] Waiting to acquire shared lock on daemon addresses registry.
2021-06-21T15:00:32.487+0200 [DEBUG] [org.gradle.cache.internal.DefaultFileLockManager] Lock acquired on daemon addresses registry.
2021-06-21T15:00:32.487+0200 [DEBUG] [org.gradle.cache.internal.DefaultFileLockManager] Releasing lock on daemon addresses registry.
2021-06-21T15:00:32.488+0200 [DEBUG] [org.gradle.cache.internal.DefaultFileLockManager] Waiting to acquire shared lock on daemon addresses registry.
2021-06-21T15:00:32.488+0200 [DEBUG] [org.gradle.cache.internal.DefaultFileLockManager] Lock acquired on daemon addresses registry.
2021-06-21T15:00:32.488+0200 [DEBUG] [org.gradle.cache.internal.DefaultFileLockManager] Releasing lock on daemon addresses registry.
2021-06-21T15:00:32.489+0200 [DEBUG] [org.gradle.cache.internal.DefaultFileLockManager] Waiting to acquire shared lock on daemon addresses registry.
2021-06-21T15:00:32.489+0200 [DEBUG] [org.gradle.cache.internal.DefaultFileLockManager] Lock acquired on daemon addresses registry.
2021-06-21T15:00:32.489+0200 [DEBUG] [org.gradle.cache.internal.DefaultFileLockManager] Releasing lock on daemon addresses registry.
2021-06-21T15:00:42.481+0200 [DEBUG] [org.gradle.cache.internal.DefaultFileLockManager] Waiting to acquire shared lock on daemon addresses registry.
2021-06-21T15:00:42.482+0200 [DEBUG] [org.gradle.cache.internal.DefaultFileLockManager] Lock acquired on daemon addresses registry.
2021-06-21T15:00:42.482+0200 [DEBUG] [org.gradle.cache.internal.DefaultFileLockManager] Releasing lock on daemon addresses registry.
2021-06-21T15:00:42.483+0200 [DEBUG] [org.gradle.cache.internal.DefaultFileLockManager] Waiting to acquire shared lock on daemon addresses registry.
2021-06-21T15:00:42.483+0200 [DEBUG] [org.gradle.cache.internal.DefaultFileLockManager] Lock acquired on daemon addresses registry.
2021-06-21T15:00:42.483+0200 [DEBUG] [org.gradle.cache.internal.DefaultFileLockManager] Releasing lock on daemon addresses registry.
2021-06-21T15:00:42.483+0200 [DEBUG] [org.gradle.cache.internal.DefaultFileLockManager] Waiting to acquire shared lock on daemon addresses registry.
2021-06-21T15:00:42.484+0200 [DEBUG] [org.gradle.cache.internal.DefaultFileLockManager] Lock acquired on daemon addresses registry.
2021-06-21T15:00:42.484+0200 [DEBUG] [org.gradle.cache.internal.DefaultFileLockManager] Releasing lock on daemon addresses registry.
2021-06-21T15:00:51.037+0200 [DEBUG] [org.gradle.internal.remote.internal.inet.TcpIncomingConnector] Accepted connection from /127.0.0.1:51377 to /127.0.0.1:51330.
2021-06-21T15:00:51.071+0200 [DEBUG] [org.gradle.launcher.daemon.server.SynchronizedDispatchConnection] thread 211: received class org.gradle.launcher.daemon.protocol.StopWhenIdle
2021-06-21T15:00:51.071+0200 [DEBUG] [org.gradle.launcher.daemon.server.DefaultDaemonConnection] thread 211: Received non-IO message from client: StopWhenIdle[id=4cc3e569-65ed-4872-ac5b-70e42212c347]
2021-06-21T15:00:51.071+0200 [INFO] [org.gradle.launcher.daemon.server.DefaultIncomingConnectionHandler] Received command: StopWhenIdle[id=4cc3e569-65ed-4872-ac5b-70e42212c347].
2021-06-21T15:00:51.072+0200 [DEBUG] [org.gradle.launcher.daemon.server.DefaultIncomingConnectionHandler] Starting executing command: StopWhenIdle[id=4cc3e569-65ed-4872-ac5b-70e42212c347] with connection: socket connection from /127.0.0.1:51330 to /127.0.0.1:51377.
2021-06-21T15:00:51.072+0200 [DEBUG] [org.gradle.launcher.daemon.server.DaemonRegistryUpdater] Storing daemon stop event: stop command received
2021-06-21T15:00:51.074+0200 [DEBUG] [org.gradle.launcher.daemon.registry.PersistentDaemonRegistry] Storing daemon stop event with timestamp 1624280451072
2021-06-21T15:00:51.077+0200 [DEBUG] [org.gradle.cache.internal.DefaultFileLockManager] Waiting to acquire exclusive lock on daemon addresses registry.
2021-06-21T15:00:51.077+0200 [DEBUG] [org.gradle.cache.internal.DefaultFileLockManager] Lock acquired on daemon addresses registry.
2021-06-21T15:00:51.079+0200 [DEBUG] [org.gradle.cache.internal.DefaultFileLockManager] Releasing lock on daemon addresses registry.
2021-06-21T15:00:51.080+0200 [LIFECYCLE] [org.gradle.launcher.daemon.server.DaemonStateCoordinator] Daemon will be stopped at the end of the build stop command received
2021-06-21T15:00:51.080+0200 [DEBUG] [org.gradle.launcher.daemon.server.DaemonStateCoordinator] Marking daemon stopped due to stop command received. The daemon is running a build: false
2021-06-21T15:00:51.080+0200 [DEBUG] [org.gradle.launcher.daemon.server.DaemonStateCoordinator] daemon has stopped.
2021-06-21T15:00:51.080+0200 [DEBUG] [org.gradle.launcher.daemon.server.SynchronizedDispatchConnection] thread 19: dispatching Success[value=null]
2021-06-21T15:00:51.080+0200 [DEBUG] [org.gradle.launcher.daemon.server.Daemon] stop() called on daemon
2021-06-21T15:00:51.081+0200 [INFO] [org.gradle.launcher.daemon.server.Daemon] Stop requested. Daemon is removing its presence from the registry...
2021-06-21T15:00:51.081+0200 [DEBUG] [org.gradle.launcher.daemon.server.DefaultIncomingConnectionHandler] Finishing executing command: StopWhenIdle[id=4cc3e569-65ed-4872-ac5b-70e42212c347]
2021-06-21T15:00:51.081+0200 [DEBUG] [org.gradle.launcher.daemon.server.SynchronizedDispatchConnection] thread 211: received class org.gradle.launcher.daemon.protocol.Finished
2021-06-21T15:00:51.081+0200 [DEBUG] [org.gradle.launcher.daemon.server.DaemonRegistryUpdater] Removing our presence to clients, eg. removing this address from the registry: [2b942d1e-38b3-4fa5-8b89-96d36fa4e438 port:51330, addresses:[localhost/127.0.0.1]]
2021-06-21T15:00:51.081+0200 [DEBUG] [org.gradle.launcher.daemon.server.DefaultDaemonConnection] thread 211: Received non-IO message from client: org.gradle.launcher.daemon.protocol.Finished@202db08a
2021-06-21T15:00:51.081+0200 [DEBUG] [org.gradle.launcher.daemon.registry.PersistentDaemonRegistry] Removing daemon address: [2b942d1e-38b3-4fa5-8b89-96d36fa4e438 port:51330, addresses:[localhost/127.0.0.1]]
2021-06-21T15:00:51.081+0200 [DEBUG] [org.gradle.internal.remote.internal.inet.SocketConnection] Discarding EOFException: java.io.EOFException
2021-06-21T15:00:51.082+0200 [DEBUG] [org.gradle.launcher.daemon.server.SynchronizedDispatchConnection] thread 211: received null
2021-06-21T15:00:51.082+0200 [DEBUG] [org.gradle.launcher.daemon.server.DefaultDaemonConnection] thread 211: Received end-of-input from client.
2021-06-21T15:00:51.082+0200 [DEBUG] [org.gradle.launcher.daemon.server.DefaultIncomingConnectionHandler] Received finished message: null
2021-06-21T15:00:51.083+0200 [DEBUG] [org.gradle.launcher.daemon.server.SynchronizedDispatchConnection] thread 19: stopping connection
2021-06-21T15:00:51.084+0200 [DEBUG] [org.gradle.launcher.daemon.server.SynchronizedDispatchConnection] thread 19: stopping connection
2021-06-21T15:00:51.085+0200 [DEBUG] [org.gradle.cache.internal.DefaultFileLockManager] Waiting to acquire exclusive lock on daemon addresses registry.
2021-06-21T15:00:51.085+0200 [DEBUG] [org.gradle.cache.internal.DefaultFileLockManager] Lock acquired on daemon addresses registry.
2021-06-21T15:00:51.087+0200 [DEBUG] [org.gradle.cache.internal.DefaultFileLockManager] Releasing lock on daemon addresses registry.
2021-06-21T15:00:51.088+0200 [DEBUG] [org.gradle.launcher.daemon.server.DaemonRegistryUpdater] Address removed from registry.
2021-06-21T15:00:51.112+0200 [DEBUG] [org.gradle.cache.internal.LockOnDemandCrossProcessCacheAccess] Releasing file lock for jars (C:\java\AndroidStudioProjects\Tutorat\caches\jars-8)
2021-06-21T15:00:51.112+0200 [DEBUG] [org.gradle.cache.internal.DefaultFileLockManager] Releasing lock on jars (C:\java\AndroidStudioProjects\Tutorat\caches\jars-8).
2021-06-21T15:00:51.113+0200 [DEBUG] [org.gradle.cache.internal.DefaultPersistentDirectoryStore] jars (C:\java\AndroidStudioProjects\Tutorat\caches\jars-8) has last been fully cleaned up 3 hours ago
2021-06-21T15:00:51.114+0200 [DEBUG] [org.gradle.cache.internal.LockOnDemandCrossProcessCacheAccess] Releasing file lock for file content cache (C:\java\AndroidStudioProjects\Tutorat\caches\6.7.1\fileContent)
2021-06-21T15:00:51.115+0200 [DEBUG] [org.gradle.cache.internal.DefaultFileLockManager] Releasing lock on file content cache (C:\java\AndroidStudioProjects\Tutorat\caches\6.7.1\fileContent).
2021-06-21T15:00:51.116+0200 [DEBUG] [org.gradle.cache.internal.LockOnDemandCrossProcessCacheAccess] Releasing file lock for Artifact transforms cache (C:\java\AndroidStudioProjects\Tutorat\caches\transforms-2)
2021-06-21T15:00:51.116+0200 [DEBUG] [org.gradle.cache.internal.DefaultFileLockManager] Releasing lock on Artifact transforms cache (C:\java\AndroidStudioProjects\Tutorat\caches\transforms-2).
2021-06-21T15:00:51.117+0200 [DEBUG] [org.gradle.cache.internal.DefaultPersistentDirectoryStore] Artifact transforms cache (C:\java\AndroidStudioProjects\Tutorat\caches\transforms-2) has last been fully cleaned up 3 hours ago
2021-06-21T15:00:51.117+0200 [DEBUG] [org.gradle.cache.internal.LockOnDemandCrossProcessCacheAccess] Releasing file lock for artifact cache (C:\java\AndroidStudioProjects\Tutorat\caches\modules-2)
2021-06-21T15:00:51.117+0200 [DEBUG] [org.gradle.cache.internal.btree.BTreePersistentIndexedCache] Closing cache module-artifacts.bin (C:\java\AndroidStudioProjects\Tutorat\caches\modules-2\metadata-2.96\module-artifacts.bin)
2021-06-21T15:00:51.118+0200 [DEBUG] [org.gradle.cache.internal.btree.BTreePersistentIndexedCache] Closing cache module-metadata.bin (C:\java\AndroidStudioProjects\Tutorat\caches\modules-2\metadata-2.96\module-metadata.bin)
2021-06-21T15:00:51.118+0200 [DEBUG] [org.gradle.cache.internal.btree.BTreePersistentIndexedCache] Closing cache module-artifact.bin (C:\java\AndroidStudioProjects\Tutorat\caches\modules-2\metadata-2.96\module-artifact.bin)
2021-06-21T15:00:51.118+0200 [DEBUG] [org.gradle.cache.internal.btree.BTreePersistentIndexedCache] Closing cache resource-at-url.bin (C:\java\AndroidStudioProjects\Tutorat\caches\modules-2\metadata-2.96\resource-at-url.bin)
2021-06-21T15:00:51.118+0200 [DEBUG] [org.gradle.cache.internal.DefaultFileLockManager] Releasing lock on artifact cache (C:\java\AndroidStudioProjects\Tutorat\caches\modules-2).
2021-06-21T15:00:51.119+0200 [DEBUG] [org.gradle.cache.internal.DefaultPersistentDirectoryStore] artifact cache (C:\java\AndroidStudioProjects\Tutorat\caches\modules-2) has last been fully cleaned up 3 hours ago
2021-06-21T15:00:51.119+0200 [DEBUG] [org.gradle.cache.internal.DefaultCacheAccess] Cache Generated Gradle JARs cache (C:\java\AndroidStudioProjects\Tutorat\caches\6.7.1\generated-gradle-jars) was closed 0 times.
2021-06-21T15:00:51.120+0200 [DEBUG] [org.gradle.cache.internal.LockOnDemandCrossProcessCacheAccess] Releasing file lock for journal cache (C:\java\AndroidStudioProjects\Tutorat\caches\journal-1)
2021-06-21T15:00:51.120+0200 [DEBUG] [org.gradle.cache.internal.btree.BTreePersistentIndexedCache] Closing cache file-access.bin (C:\java\AndroidStudioProjects\Tutorat\caches\journal-1\file-access.bin)
2021-06-21T15:00:51.120+0200 [DEBUG] [org.gradle.cache.internal.DefaultFileLockManager] Releasing lock on journal cache (C:\java\AndroidStudioProjects\Tutorat\caches\journal-1).
2021-06-21T15:00:51.121+0200 [DEBUG] [org.gradle.cache.internal.LockOnDemandCrossProcessCacheAccess] Releasing file lock for file hash cache (C:\java\AndroidStudioProjects\Tutorat\caches\6.7.1\fileHashes)
2021-06-21T15:00:51.122+0200 [DEBUG] [org.gradle.cache.internal.btree.BTreePersistentIndexedCache] Closing cache fileHashes.bin (C:\java\AndroidStudioProjects\Tutorat\caches\6.7.1\fileHashes\fileHashes.bin)
2021-06-21T15:00:51.122+0200 [DEBUG] [org.gradle.cache.internal.btree.BTreePersistentIndexedCache] Closing cache resourceHashesCache.bin (C:\java\AndroidStudioProjects\Tutorat\caches\6.7.1\fileHashes\resourceHashesCache.bin)
2021-06-21T15:00:51.122+0200 [DEBUG] [org.gradle.cache.internal.DefaultFileLockManager] Releasing lock on file hash cache (C:\java\AndroidStudioProjects\Tutorat\caches\6.7.1\fileHashes).
2021-06-21T15:00:51.125+0200 [DEBUG] [org.gradle.cache.internal.LockOnDemandCrossProcessCacheAccess] Releasing file lock for execution history cache (C:\java\AndroidStudioProjects\Tutorat\caches\6.7.1\executionHistory)
2021-06-21T15:00:51.126+0200 [DEBUG] [org.gradle.cache.internal.btree.BTreePersistentIndexedCache] Closing cache executionHistory.bin (C:\java\AndroidStudioProjects\Tutorat\caches\6.7.1\executionHistory\executionHistory.bin)
2021-06-21T15:00:51.126+0200 [DEBUG] [org.gradle.cache.internal.DefaultFileLockManager] Releasing lock on execution history cache (C:\java\AndroidStudioProjects\Tutorat\caches\6.7.1\executionHistory).
2021-06-21T15:00:51.130+0200 [DEBUG] [org.gradle.cache.internal.VersionSpecificCacheCleanupAction] Processed version-specific caches at C:\java\AndroidStudioProjects\Tutorat\caches for cleanup in 0.002 secs
Daemon vm is shutting down... The daemon has exited normally or was terminated in response to a user interrupt.
2021-06-21T15:00:51.154+0200 [DEBUG] [org.gradle.launcher.daemon.registry.PersistentDaemonRegistry] Removing daemon address: [2b942d1e-38b3-4fa5-8b89-96d36fa4e438 port:51330, addresses:[localhost/127.0.0.1]]
2021-06-21T15:00:51.155+0200 [DEBUG] [org.gradle.cache.internal.DefaultFileLockManager] Waiting to acquire exclusive lock on daemon addresses registry.
2021-06-21T15:00:51.157+0200 [DEBUG] [org.gradle.cache.internal.DefaultFileLockManager] Lock acquired on daemon addresses registry.
2021-06-21T15:00:51.159+0200 [DEBUG] [org.gradle.cache.internal.DefaultFileLockManager] Releasing lock on daemon addresses registry.
